2025-09-29 01:32:17,458 [INFO] ==== FP-Growth 批次開始 ====
2025-09-29 01:32:19,574 [INFO] 載入 532103 筆紀錄
2025-09-29 01:32:19,963 [INFO] 有效交易數: 17944
2025-09-29 01:54:18,832 [INFO] ==== FP-Growth 批次開始 ====
2025-09-29 01:54:20,695 [INFO] 載入 532103 筆紀錄
2025-09-29 01:54:21,056 [INFO] 有效交易數: 17944 (丟掉 1341 筆只有單一商品的訂單)
2025-09-29 01:54:21,065 [INFO] 開始 One-hot encoding (交易數=17944)
2025-09-29 01:54:21,235 [INFO] One-hot 完成，矩陣大小 = (17944, 2832)
2025-09-29 01:54:21,235 [INFO] 開始 FP-Growth (min_support=0.0030)
2025-09-29 02:50:28,480 [INFO] ==== FP-Growth 批次開始 ====
2025-09-29 02:50:30,382 [INFO] 載入 532103 筆明細，耗時 1.86s
2025-09-29 02:50:30,734 [INFO] 有效交易數: 17944 (丟掉 1341 筆只有單一商品的訂單)，耗時 0.35s
2025-09-29 02:50:30,945 [INFO] One-hot 完成，矩陣大小: (17944, 2832)，耗時 0.17s
2025-09-29 02:50:30,946 [INFO] 開始 FP-Growth (min_support=0.0030)
2025-09-29 03:05:21,200 [INFO] ==== FP-Growth 批次開始 ====
2025-09-29 03:05:23,034 [INFO] 載入 532103 筆明細，耗時 1.79s
2025-09-29 03:05:23,383 [INFO] 有效交易數: 17944 (丟掉 1341 筆只有單一商品的訂單)，耗時 0.35s
2025-09-29 03:05:23,594 [INFO] One-hot 完成，矩陣大小: (17944, 2832)，耗時 0.17s
2025-09-29 03:05:23,594 [INFO] 開始 FP-Growth (min_support=0.0030)
2025-09-29 07:14:21,964 [INFO] 頻繁項集: 426185，耗時 14938.37s
2025-09-29 07:15:33,708 [INFO] 最終規則數: 5604，(confidence>=0.30 & lift>=1.00)，耗時 71.74s
2025-09-29 07:15:34,488 [INFO] 已清空 dbo.Recommendations，開始寫入...
2025-09-29 07:15:34,859 [INFO] 已寫入 1000 / 5604
2025-09-29 07:15:35,031 [INFO] 已寫入 2000 / 5604
2025-09-29 07:15:35,196 [INFO] 已寫入 3000 / 5604
2025-09-29 07:15:35,339 [INFO] 已寫入 4000 / 5604
2025-09-29 07:15:35,467 [INFO] 已寫入 5000 / 5604
2025-09-29 07:15:35,546 [INFO] 已寫入 5604 / 5604
2025-09-29 07:15:35,547 [INFO] ✅ 寫入完成，總耗時 1.06s
2025-09-29 07:15:35,548 [INFO] ==== 批次結束 ====
